[
  {
    "line": 1,
    "elements": [
      {
        "line": 3,
        "name": "",
        "description": "",
        "type": "background",
        "keyword": "Background",
        "steps": [
          {
            "result": {
              "duration": 998100,
              "status": "skipped"
            },
            "line": 5,
            "name": "User is on Retail website",
            "match": {
              "location": "stepDefinitions.DesktopsStepDef.user_is_on_retail_website()"
            },
            "keyword": "Given "
          },
          {
            "result": {
              "duration": 998800,
              "status": "skipped"
            },
            "line": 6,
            "name": "User click  on MyAccount",
            "match": {
              "location": "stepDefinitions.RetailPageStepDef.user_click_on_my_account()"
            },
            "keyword": "And "
          },
          {
            "result": {
              "duration": 1993700,
              "status": "skipped"
            },
            "line": 7,
            "name": "User click on Login",
            "match": {
              "location": "stepDefinitions.RetailPageStepDef.user_click_on_login()"
            },
            "keyword": "When "
          },
          {
            "result": {
              "duration": 1991800,
              "status": "skipped"
            },
            "line": 8,
            "name": "User enter username \u0027userName\u0027 and password \u0027pass\u0027",
            "match": {
              "arguments": [
                {
                  "val": "\u0027userName\u0027",
                  "offset": 20
                },
                {
                  "val": "\u0027pass\u0027",
                  "offset": 44
                }
              ],
              "location": "stepDefinitions.RetailPageStepDef.user_enter_user_Name_and_Password(java.lang.String,java.lang.String)"
            },
            "keyword": "And "
          },
          {
            "result": {
              "duration": 997500,
              "status": "skipped"
            },
            "line": 9,
            "name": "User click on Login button",
            "match": {
              "location": "stepDefinitions.RetailPageStepDef.user_click_on_login_button()"
            },
            "keyword": "And "
          },
          {
            "result": {
              "duration": 4987400,
              "status": "skipped"
            },
            "line": 10,
            "name": "User should be logged in to MyAccount dashboard",
            "match": {
              "location": "stepDefinitions.RetailPageStepDef.user_should_be_logged_in_to_my_account_dashboard()"
            },
            "keyword": "Then "
          }
        ]
      },
      {
        "start_timestamp": "2021-11-18T21:39:59.538Z",
        "before": [
          {
            "result": {
              "error_message": "org.openqa.selenium.WebDriverException: unknown error: cannot determine loading status\nfrom disconnected: received Inspector.detached event\n  (Session info: chrome\u003d96.0.4664.45)\nBuild info: version: \u00273.141.59\u0027, revision: \u0027e82be7d358\u0027, time: \u00272018-11-14T08:17:03\u0027\nSystem info: host: \u0027MARYAM\u0027, ip: \u0027192.168.68.55\u0027, os.name: \u0027Windows 10\u0027, os.arch: \u0027amd64\u0027, os.version: \u002710.0\u0027, java.version: \u002716.0.1\u0027\nDriver info: org.openqa.selenium.chrome.ChromeDriver\nCapabilities {acceptInsecureCerts: false, browserName: chrome, browserVersion: 96.0.4664.45, chrome: {chromedriverVersion: 96.0.4664.45 (76e4c1bb2ab46..., userDataDir: C:\\Users\\mantr\\AppData\\Loca...}, goog:chromeOptions: {debuggerAddress: localhost:61951}, javascriptEnabled: true, networkConnectionEnabled: false, pageLoadStrategy: normal, platform: WINDOWS, platformName: WINDOWS, proxy: Proxy(), setWindowRect: true, strictFileInteractability: false, timeouts: {implicit: 0, pageLoad: 300000, script: 30000}, unhandledPromptBehavior: dismiss and notify, webauthn:extension:credBlob: true, webauthn:extension:largeBlob: true, webauthn:virtualAuthenticators: true}\nSession ID: 69377bc18260dfcee20f059b8b05d3c6\r\n\tat java.base/jdk.internal.reflect.NativeConstructorAccessorImpl.newInstance0(Native Method)\r\n\tat java.base/jdk.internal.reflect.NativeConstructorAccessorImpl.newInstance(NativeConstructorAccessorImpl.java:78)\r\n\tat java.base/jdk.internal.reflect.DelegatingConstructorAccessorImpl.newInstance(DelegatingConstructorAccessorImpl.java:45)\r\n\tat java.base/java.lang.reflect.Constructor.newInstanceWithCaller(Constructor.java:499)\r\n\tat java.base/java.lang.reflect.Constructor.newInstance(Constructor.java:480)\r\n\tat org.openqa.selenium.remote.http.W3CHttpResponseCodec.createException(W3CHttpResponseCodec.java:187)\r\n\tat org.openqa.selenium.remote.http.W3CHttpResponseCodec.decode(W3CHttpResponseCodec.java:122)\r\n\tat org.openqa.selenium.remote.http.W3CHttpResponseCodec.decode(W3CHttpResponseCodec.java:49)\r\n\tat org.openqa.selenium.remote.HttpCommandExecutor.execute(HttpCommandExecutor.java:158)\r\n\tat org.openqa.selenium.remote.service.DriverCommandExecutor.execute(DriverCommandExecutor.java:83)\r\n\tat org.openqa.selenium.remote.RemoteWebDriver.execute(RemoteWebDriver.java:552)\r\n\tat org.openqa.selenium.remote.RemoteWebDriver.get(RemoteWebDriver.java:277)\r\n\tat core.Base.openBrowser(Base.java:74)\r\n\tat stepDefinitions.Initializer.beforHooks(Initializer.java:13)\r\n",
              "duration": 3688165800,
              "status": "failed"
            },
            "match": {
              "location": "stepDefinitions.Initializer.beforHooks(io.cucumber.java.Scenario)"
            }
          }
        ],
        "line": 14,
        "name": "Register as an Affiliate user with Cheque Payment Method",
        "description": "",
        "id": "retailpage;register-as-an-affiliate-user-with-cheque-payment-method",
        "after": [
          {
            "result": {
              "error_message": "org.openqa.selenium.WebDriverException: chrome not reachable\n  (Session info: chrome\u003d96.0.4664.45)\nBuild info: version: \u00273.141.59\u0027, revision: \u0027e82be7d358\u0027, time: \u00272018-11-14T08:17:03\u0027\nSystem info: host: \u0027MARYAM\u0027, ip: \u0027192.168.68.55\u0027, os.name: \u0027Windows 10\u0027, os.arch: \u0027amd64\u0027, os.version: \u002710.0\u0027, java.version: \u002716.0.1\u0027\nDriver info: org.openqa.selenium.chrome.ChromeDriver\nCapabilities {acceptInsecureCerts: false, browserName: chrome, browserVersion: 96.0.4664.45, chrome: {chromedriverVersion: 96.0.4664.45 (76e4c1bb2ab46..., userDataDir: C:\\Users\\mantr\\AppData\\Loca...}, goog:chromeOptions: {debuggerAddress: localhost:61951}, javascriptEnabled: true, networkConnectionEnabled: false, pageLoadStrategy: normal, platform: WINDOWS, platformName: WINDOWS, proxy: Proxy(), setWindowRect: true, strictFileInteractability: false, timeouts: {implicit: 0, pageLoad: 300000, script: 30000}, unhandledPromptBehavior: dismiss and notify, webauthn:extension:credBlob: true, webauthn:extension:largeBlob: true, webauthn:virtualAuthenticators: true}\nSession ID: 69377bc18260dfcee20f059b8b05d3c6\r\n\tat java.base/jdk.internal.reflect.NativeConstructorAccessorImpl.newInstance0(Native Method)\r\n\tat java.base/jdk.internal.reflect.NativeConstructorAccessorImpl.newInstance(NativeConstructorAccessorImpl.java:78)\r\n\tat java.base/jdk.internal.reflect.DelegatingConstructorAccessorImpl.newInstance(DelegatingConstructorAccessorImpl.java:45)\r\n\tat java.base/java.lang.reflect.Constructor.newInstanceWithCaller(Constructor.java:499)\r\n\tat java.base/java.lang.reflect.Constructor.newInstance(Constructor.java:480)\r\n\tat org.openqa.selenium.remote.http.W3CHttpResponseCodec.createException(W3CHttpResponseCodec.java:187)\r\n\tat org.openqa.selenium.remote.http.W3CHttpResponseCodec.decode(W3CHttpResponseCodec.java:122)\r\n\tat org.openqa.selenium.remote.http.W3CHttpResponseCodec.decode(W3CHttpResponseCodec.java:49)\r\n\tat org.openqa.selenium.remote.HttpCommandExecutor.execute(HttpCommandExecutor.java:158)\r\n\tat org.openqa.selenium.remote.service.DriverCommandExecutor.execute(DriverCommandExecutor.java:83)\r\n\tat org.openqa.selenium.remote.RemoteWebDriver.execute(RemoteWebDriver.java:552)\r\n\tat org.openqa.selenium.remote.RemoteWebDriver.execute(RemoteWebDriver.java:609)\r\n\tat org.openqa.selenium.remote.RemoteWebDriver.close(RemoteWebDriver.java:442)\r\n\tat core.Base.tearDown(Base.java:81)\r\n\tat stepDefinitions.Initializer.afterHooks(Initializer.java:20)\r\n",
              "duration": 4088545900,
              "status": "failed"
            },
            "match": {
              "location": "stepDefinitions.Initializer.afterHooks(io.cucumber.java.Scenario)"
            }
          }
        ],
        "type": "scenario",
        "keyword": "Scenario",
        "steps": [
          {
            "result": {
              "duration": 15968900,
              "status": "skipped"
            },
            "line": 15,
            "name": "User click on ‘Register for an Affiliate Account’ link",
            "match": {
              "location": "stepDefinitions.RetailPageStepDef.user_click_on_register_for_an_affiliate_account_link()"
            },
            "keyword": "When "
          },
          {
            "result": {
              "duration": 996700,
              "status": "skipped"
            },
            "line": 16,
            "name": "User fill affiliate form with below information",
            "match": {
              "location": "stepDefinitions.RetailPageStepDef.user_fill_affiliate_form_with_below_information(io.cucumber.datatable.DataTable)"
            },
            "rows": [
              {
                "cells": [
                  "company",
                  "website",
                  "taxID",
                  "paymentMethod"
                ]
              },
              {
                "cells": [
                  "tekSchool",
                  "http://tek-school.com",
                  "23243",
                  "ahmad"
                ]
              }
            ],
            "keyword": "And "
          },
          {
            "result": {
              "duration": 998600,
              "status": "skipped"
            },
            "line": 19,
            "name": "User check on About us check box",
            "match": {
              "location": "stepDefinitions.RetailPageStepDef.user_check_on_about_us_check_box()"
            },
            "keyword": "And "
          },
          {
            "result": {
              "status": "skipped"
            },
            "line": 20,
            "name": "User click on Continue button",
            "match": {
              "location": "stepDefinitions.RetailPageStepDef.user_click_on_continue_button()"
            },
            "keyword": "And "
          },
          {
            "result": {
              "status": "skipped"
            },
            "line": 21,
            "name": "User should see a success message",
            "match": {
              "location": "stepDefinitions.RetailPageStepDef.user_should_see_a_success_message()"
            },
            "keyword": "Then "
          }
        ],
        "tags": [
          {
            "name": "@Test"
          }
        ]
      },
      {
        "line": 3,
        "name": "",
        "description": "",
        "type": "background",
        "keyword": "Background",
        "steps": [
          {
            "result": {
              "status": "skipped"
            },
            "line": 5,
            "name": "User is on Retail website",
            "match": {
              "location": "stepDefinitions.DesktopsStepDef.user_is_on_retail_website()"
            },
            "keyword": "Given "
          },
          {
            "result": {
              "duration": 1001100,
              "status": "skipped"
            },
            "line": 6,
            "name": "User click  on MyAccount",
            "match": {
              "location": "stepDefinitions.RetailPageStepDef.user_click_on_my_account()"
            },
            "keyword": "And "
          },
          {
            "result": {
              "status": "skipped"
            },
            "line": 7,
            "name": "User click on Login",
            "match": {
              "location": "stepDefinitions.RetailPageStepDef.user_click_on_login()"
            },
            "keyword": "When "
          },
          {
            "result": {
              "status": "skipped"
            },
            "line": 8,
            "name": "User enter username \u0027userName\u0027 and password \u0027pass\u0027",
            "match": {
              "arguments": [
                {
                  "val": "\u0027userName\u0027",
                  "offset": 20
                },
                {
                  "val": "\u0027pass\u0027",
                  "offset": 44
                }
              ],
              "location": "stepDefinitions.RetailPageStepDef.user_enter_user_Name_and_Password(java.lang.String,java.lang.String)"
            },
            "keyword": "And "
          },
          {
            "result": {
              "duration": 995700,
              "status": "skipped"
            },
            "line": 9,
            "name": "User click on Login button",
            "match": {
              "location": "stepDefinitions.RetailPageStepDef.user_click_on_login_button()"
            },
            "keyword": "And "
          },
          {
            "result": {
              "status": "skipped"
            },
            "line": 10,
            "name": "User should be logged in to MyAccount dashboard",
            "match": {
              "location": "stepDefinitions.RetailPageStepDef.user_should_be_logged_in_to_my_account_dashboard()"
            },
            "keyword": "Then "
          }
        ]
      },
      {
        "start_timestamp": "2021-11-18T21:40:07.581Z",
        "before": [
          {
            "result": {
              "error_message": "org.openqa.selenium.WebDriverException: unknown error: cannot determine loading status\nfrom disconnected: received Inspector.detached event\n  (Session info: chrome\u003d96.0.4664.45)\nBuild info: version: \u00273.141.59\u0027, revision: \u0027e82be7d358\u0027, time: \u00272018-11-14T08:17:03\u0027\nSystem info: host: \u0027MARYAM\u0027, ip: \u0027192.168.68.55\u0027, os.name: \u0027Windows 10\u0027, os.arch: \u0027amd64\u0027, os.version: \u002710.0\u0027, java.version: \u002716.0.1\u0027\nDriver info: org.openqa.selenium.chrome.ChromeDriver\nCapabilities {acceptInsecureCerts: false, browserName: chrome, browserVersion: 96.0.4664.45, chrome: {chromedriverVersion: 96.0.4664.45 (76e4c1bb2ab46..., userDataDir: C:\\Users\\mantr\\AppData\\Loca...}, goog:chromeOptions: {debuggerAddress: localhost:61977}, javascriptEnabled: true, networkConnectionEnabled: false, pageLoadStrategy: normal, platform: WINDOWS, platformName: WINDOWS, proxy: Proxy(), setWindowRect: true, strictFileInteractability: false, timeouts: {implicit: 0, pageLoad: 300000, script: 30000}, unhandledPromptBehavior: dismiss and notify, webauthn:extension:credBlob: true, webauthn:extension:largeBlob: true, webauthn:virtualAuthenticators: true}\nSession ID: 16d0ef33b28f03f0b03476cf1e50146f\r\n\tat java.base/jdk.internal.reflect.NativeConstructorAccessorImpl.newInstance0(Native Method)\r\n\tat java.base/jdk.internal.reflect.NativeConstructorAccessorImpl.newInstance(NativeConstructorAccessorImpl.java:78)\r\n\tat java.base/jdk.internal.reflect.DelegatingConstructorAccessorImpl.newInstance(DelegatingConstructorAccessorImpl.java:45)\r\n\tat java.base/java.lang.reflect.Constructor.newInstanceWithCaller(Constructor.java:499)\r\n\tat java.base/java.lang.reflect.Constructor.newInstance(Constructor.java:480)\r\n\tat org.openqa.selenium.remote.http.W3CHttpResponseCodec.createException(W3CHttpResponseCodec.java:187)\r\n\tat org.openqa.selenium.remote.http.W3CHttpResponseCodec.decode(W3CHttpResponseCodec.java:122)\r\n\tat org.openqa.selenium.remote.http.W3CHttpResponseCodec.decode(W3CHttpResponseCodec.java:49)\r\n\tat org.openqa.selenium.remote.HttpCommandExecutor.execute(HttpCommandExecutor.java:158)\r\n\tat org.openqa.selenium.remote.service.DriverCommandExecutor.execute(DriverCommandExecutor.java:83)\r\n\tat org.openqa.selenium.remote.RemoteWebDriver.execute(RemoteWebDriver.java:552)\r\n\tat org.openqa.selenium.remote.RemoteWebDriver.get(RemoteWebDriver.java:277)\r\n\tat core.Base.openBrowser(Base.java:74)\r\n\tat stepDefinitions.Initializer.beforHooks(Initializer.java:13)\r\n",
              "duration": 3033612300,
              "status": "failed"
            },
            "match": {
              "location": "stepDefinitions.Initializer.beforHooks(io.cucumber.java.Scenario)"
            }
          }
        ],
        "line": 24,
        "name": "Edit your affiliate information from Cheque payment method to Bank Transfer",
        "description": "",
        "id": "retailpage;edit-your-affiliate-information-from-cheque-payment-method-to-bank-transfer",
        "after": [
          {
            "result": {
              "error_message": "org.openqa.selenium.WebDriverException: chrome not reachable\n  (Session info: chrome\u003d96.0.4664.45)\nBuild info: version: \u00273.141.59\u0027, revision: \u0027e82be7d358\u0027, time: \u00272018-11-14T08:17:03\u0027\nSystem info: host: \u0027MARYAM\u0027, ip: \u0027192.168.68.55\u0027, os.name: \u0027Windows 10\u0027, os.arch: \u0027amd64\u0027, os.version: \u002710.0\u0027, java.version: \u002716.0.1\u0027\nDriver info: org.openqa.selenium.chrome.ChromeDriver\nCapabilities {acceptInsecureCerts: false, browserName: chrome, browserVersion: 96.0.4664.45, chrome: {chromedriverVersion: 96.0.4664.45 (76e4c1bb2ab46..., userDataDir: C:\\Users\\mantr\\AppData\\Loca...}, goog:chromeOptions: {debuggerAddress: localhost:61977}, javascriptEnabled: true, networkConnectionEnabled: false, pageLoadStrategy: normal, platform: WINDOWS, platformName: WINDOWS, proxy: Proxy(), setWindowRect: true, strictFileInteractability: false, timeouts: {implicit: 0, pageLoad: 300000, script: 30000}, unhandledPromptBehavior: dismiss and notify, webauthn:extension:credBlob: true, webauthn:extension:largeBlob: true, webauthn:virtualAuthenticators: true}\nSession ID: 16d0ef33b28f03f0b03476cf1e50146f\r\n\tat java.base/jdk.internal.reflect.NativeConstructorAccessorImpl.newInstance0(Native Method)\r\n\tat java.base/jdk.internal.reflect.NativeConstructorAccessorImpl.newInstance(NativeConstructorAccessorImpl.java:78)\r\n\tat java.base/jdk.internal.reflect.DelegatingConstructorAccessorImpl.newInstance(DelegatingConstructorAccessorImpl.java:45)\r\n\tat java.base/java.lang.reflect.Constructor.newInstanceWithCaller(Constructor.java:499)\r\n\tat java.base/java.lang.reflect.Constructor.newInstance(Constructor.java:480)\r\n\tat org.openqa.selenium.remote.http.W3CHttpResponseCodec.createException(W3CHttpResponseCodec.java:187)\r\n\tat org.openqa.selenium.remote.http.W3CHttpResponseCodec.decode(W3CHttpResponseCodec.java:122)\r\n\tat org.openqa.selenium.remote.http.W3CHttpResponseCodec.decode(W3CHttpResponseCodec.java:49)\r\n\tat org.openqa.selenium.remote.HttpCommandExecutor.execute(HttpCommandExecutor.java:158)\r\n\tat org.openqa.selenium.remote.service.DriverCommandExecutor.execute(DriverCommandExecutor.java:83)\r\n\tat org.openqa.selenium.remote.RemoteWebDriver.execute(RemoteWebDriver.java:552)\r\n\tat org.openqa.selenium.remote.RemoteWebDriver.execute(RemoteWebDriver.java:609)\r\n\tat org.openqa.selenium.remote.RemoteWebDriver.close(RemoteWebDriver.java:442)\r\n\tat core.Base.tearDown(Base.java:81)\r\n\tat stepDefinitions.Initializer.afterHooks(Initializer.java:20)\r\n",
              "duration": 4122104100,
              "status": "failed"
            },
            "match": {
              "location": "stepDefinitions.Initializer.afterHooks(io.cucumber.java.Scenario)"
            }
          }
        ],
        "type": "scenario",
        "keyword": "Scenario",
        "steps": [
          {
            "result": {
              "status": "skipped"
            },
            "line": 25,
            "name": "User click on ‘Edit your affiliate informationlink",
            "match": {
              "location": "stepDefinitions.RetailPageStepDef.user_click_on_edit_your_affiliate_informationlink()"
            },
            "keyword": "When "
          },
          {
            "result": {
              "status": "skipped"
            },
            "line": 26,
            "name": "user click on Bank Transfer radio button",
            "match": {
              "location": "stepDefinitions.RetailPageStepDef.user_click_on_bank_transfer_radio_button()"
            },
            "keyword": "And "
          },
          {
            "result": {
              "status": "skipped"
            },
            "line": 27,
            "name": "User fill Bank information with below information",
            "match": {
              "location": "stepDefinitions.RetailPageStepDef.user_fill_bank_information_with_below_information(io.cucumber.datatable.DataTable)"
            },
            "rows": [
              {
                "cells": [
                  "bankName",
                  "abaNumber",
                  "swiftCode",
                  "accountName",
                  "accountNumber"
                ]
              },
              {
                "cells": [
                  "WellsFargo",
                  "343434",
                  "9487654",
                  "Bahar",
                  "1234456789"
                ]
              }
            ],
            "keyword": "And "
          },
          {
            "result": {
              "status": "skipped"
            },
            "line": 30,
            "name": "User click on Continue button",
            "match": {
              "location": "stepDefinitions.RetailPageStepDef.user_click_on_continue_button()"
            },
            "keyword": "And "
          },
          {
            "result": {
              "status": "skipped"
            },
            "line": 31,
            "name": "User should see a success message",
            "match": {
              "location": "stepDefinitions.RetailPageStepDef.user_should_see_a_success_message()"
            },
            "keyword": "Then "
          }
        ],
        "tags": [
          {
            "name": "@Test"
          }
        ]
      },
      {
        "line": 3,
        "name": "",
        "description": "",
        "type": "background",
        "keyword": "Background",
        "steps": [
          {
            "result": {
              "duration": 978200,
              "status": "skipped"
            },
            "line": 5,
            "name": "User is on Retail website",
            "match": {
              "location": "stepDefinitions.DesktopsStepDef.user_is_on_retail_website()"
            },
            "keyword": "Given "
          },
          {
            "result": {
              "duration": 1011000,
              "status": "skipped"
            },
            "line": 6,
            "name": "User click  on MyAccount",
            "match": {
              "location": "stepDefinitions.RetailPageStepDef.user_click_on_my_account()"
            },
            "keyword": "And "
          },
          {
            "result": {
              "status": "skipped"
            },
            "line": 7,
            "name": "User click on Login",
            "match": {
              "location": "stepDefinitions.RetailPageStepDef.user_click_on_login()"
            },
            "keyword": "When "
          },
          {
            "result": {
              "status": "skipped"
            },
            "line": 8,
            "name": "User enter username \u0027userName\u0027 and password \u0027pass\u0027",
            "match": {
              "arguments": [
                {
                  "val": "\u0027userName\u0027",
                  "offset": 20
                },
                {
                  "val": "\u0027pass\u0027",
                  "offset": 44
                }
              ],
              "location": "stepDefinitions.RetailPageStepDef.user_enter_user_Name_and_Password(java.lang.String,java.lang.String)"
            },
            "keyword": "And "
          },
          {
            "result": {
              "status": "skipped"
            },
            "line": 9,
            "name": "User click on Login button",
            "match": {
              "location": "stepDefinitions.RetailPageStepDef.user_click_on_login_button()"
            },
            "keyword": "And "
          },
          {
            "result": {
              "status": "skipped"
            },
            "line": 10,
            "name": "User should be logged in to MyAccount dashboard",
            "match": {
              "location": "stepDefinitions.RetailPageStepDef.user_should_be_logged_in_to_my_account_dashboard()"
            },
            "keyword": "Then "
          }
        ]
      },
      {
        "start_timestamp": "2021-11-18T21:40:14.773Z",
        "before": [
          {
            "result": {
              "error_message": "org.openqa.selenium.WebDriverException: unknown error: cannot determine loading status\nfrom disconnected: received Inspector.detached event\n  (Session info: chrome\u003d96.0.4664.45)\nBuild info: version: \u00273.141.59\u0027, revision: \u0027e82be7d358\u0027, time: \u00272018-11-14T08:17:03\u0027\nSystem info: host: \u0027MARYAM\u0027, ip: \u0027192.168.68.55\u0027, os.name: \u0027Windows 10\u0027, os.arch: \u0027amd64\u0027, os.version: \u002710.0\u0027, java.version: \u002716.0.1\u0027\nDriver info: org.openqa.selenium.chrome.ChromeDriver\nCapabilities {acceptInsecureCerts: false, browserName: chrome, browserVersion: 96.0.4664.45, chrome: {chromedriverVersion: 96.0.4664.45 (76e4c1bb2ab46..., userDataDir: C:\\Users\\mantr\\AppData\\Loca...}, goog:chromeOptions: {debuggerAddress: localhost:62015}, javascriptEnabled: true, networkConnectionEnabled: false, pageLoadStrategy: normal, platform: WINDOWS, platformName: WINDOWS, proxy: Proxy(), setWindowRect: true, strictFileInteractability: false, timeouts: {implicit: 0, pageLoad: 300000, script: 30000}, unhandledPromptBehavior: dismiss and notify, webauthn:extension:credBlob: true, webauthn:extension:largeBlob: true, webauthn:virtualAuthenticators: true}\nSession ID: a3c4367205bb5496173d14d255879b2a\r\n\tat java.base/jdk.internal.reflect.NativeConstructorAccessorImpl.newInstance0(Native Method)\r\n\tat java.base/jdk.internal.reflect.NativeConstructorAccessorImpl.newInstance(NativeConstructorAccessorImpl.java:78)\r\n\tat java.base/jdk.internal.reflect.DelegatingConstructorAccessorImpl.newInstance(DelegatingConstructorAccessorImpl.java:45)\r\n\tat java.base/java.lang.reflect.Constructor.newInstanceWithCaller(Constructor.java:499)\r\n\tat java.base/java.lang.reflect.Constructor.newInstance(Constructor.java:480)\r\n\tat org.openqa.selenium.remote.http.W3CHttpResponseCodec.createException(W3CHttpResponseCodec.java:187)\r\n\tat org.openqa.selenium.remote.http.W3CHttpResponseCodec.decode(W3CHttpResponseCodec.java:122)\r\n\tat org.openqa.selenium.remote.http.W3CHttpResponseCodec.decode(W3CHttpResponseCodec.java:49)\r\n\tat org.openqa.selenium.remote.HttpCommandExecutor.execute(HttpCommandExecutor.java:158)\r\n\tat org.openqa.selenium.remote.service.DriverCommandExecutor.execute(DriverCommandExecutor.java:83)\r\n\tat org.openqa.selenium.remote.RemoteWebDriver.execute(RemoteWebDriver.java:552)\r\n\tat org.openqa.selenium.remote.RemoteWebDriver.get(RemoteWebDriver.java:277)\r\n\tat core.Base.openBrowser(Base.java:74)\r\n\tat stepDefinitions.Initializer.beforHooks(Initializer.java:13)\r\n",
              "duration": 5922330600,
              "status": "failed"
            },
            "match": {
              "location": "stepDefinitions.Initializer.beforHooks(io.cucumber.java.Scenario)"
            }
          }
        ],
        "line": 34,
        "name": "Edit your account Information",
        "description": "",
        "id": "retailpage;edit-your-account-information",
        "after": [
          {
            "result": {
              "error_message": "org.openqa.selenium.WebDriverException: chrome not reachable\n  (Session info: chrome\u003d96.0.4664.45)\nBuild info: version: \u00273.141.59\u0027, revision: \u0027e82be7d358\u0027, time: \u00272018-11-14T08:17:03\u0027\nSystem info: host: \u0027MARYAM\u0027, ip: \u0027192.168.68.55\u0027, os.name: \u0027Windows 10\u0027, os.arch: \u0027amd64\u0027, os.version: \u002710.0\u0027, java.version: \u002716.0.1\u0027\nDriver info: org.openqa.selenium.chrome.ChromeDriver\nCapabilities {acceptInsecureCerts: false, browserName: chrome, browserVersion: 96.0.4664.45, chrome: {chromedriverVersion: 96.0.4664.45 (76e4c1bb2ab46..., userDataDir: C:\\Users\\mantr\\AppData\\Loca...}, goog:chromeOptions: {debuggerAddress: localhost:62015}, javascriptEnabled: true, networkConnectionEnabled: false, pageLoadStrategy: normal, platform: WINDOWS, platformName: WINDOWS, proxy: Proxy(), setWindowRect: true, strictFileInteractability: false, timeouts: {implicit: 0, pageLoad: 300000, script: 30000}, unhandledPromptBehavior: dismiss and notify, webauthn:extension:credBlob: true, webauthn:extension:largeBlob: true, webauthn:virtualAuthenticators: true}\nSession ID: a3c4367205bb5496173d14d255879b2a\r\n\tat java.base/jdk.internal.reflect.NativeConstructorAccessorImpl.newInstance0(Native Method)\r\n\tat java.base/jdk.internal.reflect.NativeConstructorAccessorImpl.newInstance(NativeConstructorAccessorImpl.java:78)\r\n\tat java.base/jdk.internal.reflect.DelegatingConstructorAccessorImpl.newInstance(DelegatingConstructorAccessorImpl.java:45)\r\n\tat java.base/java.lang.reflect.Constructor.newInstanceWithCaller(Constructor.java:499)\r\n\tat java.base/java.lang.reflect.Constructor.newInstance(Constructor.java:480)\r\n\tat org.openqa.selenium.remote.http.W3CHttpResponseCodec.createException(W3CHttpResponseCodec.java:187)\r\n\tat org.openqa.selenium.remote.http.W3CHttpResponseCodec.decode(W3CHttpResponseCodec.java:122)\r\n\tat org.openqa.selenium.remote.http.W3CHttpResponseCodec.decode(W3CHttpResponseCodec.java:49)\r\n\tat org.openqa.selenium.remote.HttpCommandExecutor.execute(HttpCommandExecutor.java:158)\r\n\tat org.openqa.selenium.remote.service.DriverCommandExecutor.execute(DriverCommandExecutor.java:83)\r\n\tat org.openqa.selenium.remote.RemoteWebDriver.execute(RemoteWebDriver.java:552)\r\n\tat org.openqa.selenium.remote.RemoteWebDriver.execute(RemoteWebDriver.java:609)\r\n\tat org.openqa.selenium.remote.RemoteWebDriver.close(RemoteWebDriver.java:442)\r\n\tat core.Base.tearDown(Base.java:81)\r\n\tat stepDefinitions.Initializer.afterHooks(Initializer.java:20)\r\n",
              "duration": 4153064000,
              "status": "failed"
            },
            "match": {
              "location": "stepDefinitions.Initializer.afterHooks(io.cucumber.java.Scenario)"
            }
          }
        ],
        "type": "scenario",
        "keyword": "Scenario",
        "steps": [
          {
            "result": {
              "status": "skipped"
            },
            "line": 35,
            "name": "User click on ‘Edit your account information’ link",
            "match": {
              "location": "stepDefinitions.RetailPageStepDef.user_click_on_edit_your_account_information_link()"
            },
            "keyword": "When "
          },
          {
            "result": {
              "duration": 997500,
              "status": "skipped"
            },
            "line": 36,
            "name": "User modify below information",
            "match": {
              "location": "stepDefinitions.RetailPageStepDef.user_modify_below_information(io.cucumber.datatable.DataTable)"
            },
            "rows": [
              {
                "cells": [
                  "firstname",
                  "lastName",
                  "email",
                  "telephone"
                ]
              },
              {
                "cells": [
                  "Azadehh",
                  "Azadi",
                  "azadeh112@gmail.com",
                  "57133257554"
                ]
              }
            ],
            "keyword": "And "
          },
          {
            "result": {
              "status": "skipped"
            },
            "line": 39,
            "name": "User click on continue button",
            "match": {
              "location": "stepDefinitions.RetailPageStepDef.user_click_on_continue_button1()"
            },
            "keyword": "And "
          },
          {
            "result": {
              "duration": 997000,
              "status": "skipped"
            },
            "line": 40,
            "name": "User should see a message ‘Success: Your account has been successfully updated.’",
            "match": {
              "location": "stepDefinitions.RetailPageStepDef.user_should_see_a_message_success_your_account_has_been_successfully_updated()"
            },
            "keyword": "Then "
          }
        ],
        "tags": [
          {
            "name": "@Test"
          }
        ]
      }
    ],
    "name": "RetailPage",
    "description": "",
    "id": "retailpage",
    "keyword": "Feature",
    "uri": "classpath:features/RetailPage.feature",
    "tags": []
  }
]